------------------------------------------------------------------------------------------------------------------------------------------
MyEclipse: deployment START exploded project: kvrquartz Maven Webapp server: websphere85Server#AppSrv01 time: Mon Aug 01 12:34:13 IST 2016
------------------------------------------------------------------------------------------------------------------------------------------
WASX7357I: By request, this scripting client is not connected to any server process. Certain configuration and application operations will be available in local mode.
WASX7303I: The following options are passed to the scripting environment and are available as arguments that are stored in the argv variable: "[C:\\WebSphere85\\AppServer\\profiles\\AppSrv01\\installableApps\\kvrquartz.war, HYRDLT1118Node01Cell, HYRDLT1118Node01, server1, /kvrquartz, kvrquartz Maven Webapp, {{"kvrquartz.war" "kvrquartz.war,WEB-INF/web.xml" default_host}}, {{.* .* AppDeploymentOption.Yes 1}}, kvrquartz.war, false]"
-contextroot "/kvrquartz" -server "server1" -nopreCompileJSPs -distributeApp -useMetaDataFromBinary -nodeployejb -appname "kvrquartz Maven Webapp" -createMBeansForResources -reloadEnabled -reloadInterval 1 -deployws -validateinstall off -noprocessEmbeddedConfig  -filepermission .*.dll=755#.*.so=755#.*.a=755#.*.sl=755  -buildVersion Unknown  -noallowDispatchRemoteInclude  -noallowServiceRemoteInclude  -MapWebModToVH {{"kvrquartz.war" "kvrquartz.war,WEB-INF/web.xml" default_host}} -JSPReloadForWebMod {{.* .* AppDeploymentOption.Yes 1}}
C:\WebSphere85\AppServer\profiles\AppSrv01\installableApps\kvrquartz.war
HYRDLT1118Node01Cell
HYRDLT1118Node01
server1
/kvrquartz
kvrquartz Maven Webapp
{"kvrquartz.war" "kvrquartz.war,WEB-INF/web.xml" default_host}
{.* .* AppDeploymentOption.Yes 1}
kvrquartz.war
false
WASX7327I: Contents of was.policy file:
 //
// Template policy file for enterprise application.
// Extra permissions can be added if required by the enterprise application.
//
// NOTE: Syntax errors in the policy files will cause the enterprise application FAIL to start.
//       Extreme care should be taken when editing these policy files. It is advised to use
//       the policytool provided by the JDK for editing the policy files
//       (WAS_HOME/java/jre/bin/policytool). 
//

grant codeBase "file:${application}" {
};

grant codeBase "file:${jars}" {
};

grant codeBase "file:${connectorComponent}" {
};

grant codeBase "file:${webComponent}" {
};

grant codeBase "file:${ejbComponent}" {
};


ADMA5016I: Installation of kvrquartz Maven Webapp started.
ADMA5058I: Application and module versions are validated with versions of deployment targets.
WSWS0041I: Web services deploy task completed successfully.
ADMA5005I: The application kvrquartz Maven Webapp is configured in the WebSphere Application Server repository.
ADMA5005I: The application kvrquartz Maven Webapp is configured in the WebSphere Application Server repository.
ADMA5081I: The bootstrap address for client module is configured in the WebSphere Application Server repository.
ADMA5053I: The library references for the installed optional package are created.
ADMA5005I: The application kvrquartz Maven Webapp is configured in the WebSphere Application Server repository.
ADMA5001I: The application binaries are saved in C:\WebSphere85\AppServer\profiles\AppSrv01\wstemp\Script15644eadf67\workspace\cells\HYRDLT1118Node01Cell\applications\kvrquartz Maven Webapp.ear\kvrquartz Maven Webapp.ear
ADMA5005I: The application kvrquartz Maven Webapp is configured in the WebSphere Application Server repository.
SECJ0400I: Successfully updated the application kvrquartz Maven Webapp with the appContextIDForSecurity information.
ADMA5005I: The application kvrquartz Maven Webapp is configured in the WebSphere Application Server repository.
ADMA5005I: The application kvrquartz Maven Webapp is configured in the WebSphere Application Server repository.
ADMA5113I: Activation plan created successfully.
ADMA5011I: The cleanup of the temp directory for application kvrquartz Maven Webapp is complete.
ADMA5013I: Application kvrquartz Maven Webapp installed successfully.
-------------------------------------------------------------------------------------------------------------------------------
MyEclipse: deployment END project: kvrquartz Maven Webapp server: websphere85Server#AppSrv01 time: Mon Aug 01 12:34:33 IST 2016
-------------------------------------------------------------------------------------------------------------------------------
------------------------------------------------------------------------------------------------------------------------------------------
MyEclipse: deployment START exploded project: kvrquartz Maven Webapp server: websphere85Server#AppSrv01 time: Mon Aug 01 12:56:55 IST 2016
------------------------------------------------------------------------------------------------------------------------------------------
------------------------------------------------------------------------------------------------------------------------------------------
MyEclipse: deployment START exploded project: kvrquartz Maven Webapp server: websphere85Server#AppSrv01 time: Mon Aug 01 15:34:28 IST 2016
------------------------------------------------------------------------------------------------------------------------------------------
------------------------------------------------------------------------------------------------------------------------------------------
MyEclipse: deployment START exploded project: kvrquartz Maven Webapp server: websphere85Server#AppSrv01 time: Tue Aug 02 11:05:18 IST 2016
------------------------------------------------------------------------------------------------------------------------------------------
WASX7357I: By request, this scripting client is not connected to any server process. Certain configuration and application operations will be available in local mode.
WASX7303I: The following options are passed to the scripting environment and are available as arguments that are stored in the argv variable: "[kvrquartz Maven Webapp]"
kvrquartz Maven Webapp
ADMA5017I: Uninstallation of kvrquartz Maven Webapp started.
ADMA5104I: The server index entry for WebSphere:cell=HYRDLT1118Node01Cell,node=HYRDLT1118Node01 is updated successfully.
ADMA5102I: The configuration data for kvrquartz Maven Webapp from the configuration repository is deleted successfully.
ADMA5011I: The cleanup of the temp directory for application kvrquartz Maven Webapp is complete.
ADMA5106I: Application kvrquartz Maven Webapp uninstalled successfully.
-------------------------------------------------------------------------------------------------------------------------------
MyEclipse: deployment END project: kvrquartz Maven Webapp server: websphere85Server#AppSrv01 time: Tue Aug 02 11:05:31 IST 2016
-------------------------------------------------------------------------------------------------------------------------------
------------------------------------------------------------------------------------------------------------------------------------------
MyEclipse: deployment START exploded project: kvrquartz Maven Webapp server: websphere85Server#AppSrv01 time: Tue Aug 02 11:56:42 IST 2016
------------------------------------------------------------------------------------------------------------------------------------------
WASX7357I: By request, this scripting client is not connected to any server process. Certain configuration and application operations will be available in local mode.
WASX7303I: The following options are passed to the scripting environment and are available as arguments that are stored in the argv variable: "[C:\\WebSphere85\\AppServer\\profiles\\AppSrv01\\installableApps\\kvrquartz.war, HYRDLT1118Node01Cell, HYRDLT1118Node01, server1, /kvrquartz, kvrquartz Maven Webapp, {{"kvrquartz.war" "kvrquartz.war,WEB-INF/web.xml" default_host}}, {{.* .* AppDeploymentOption.Yes 1}}, kvrquartz.war, false]"
-contextroot "/kvrquartz" -server "server1" -nopreCompileJSPs -distributeApp -useMetaDataFromBinary -nodeployejb -appname "kvrquartz Maven Webapp" -createMBeansForResources -reloadEnabled -reloadInterval 1 -deployws -validateinstall off -noprocessEmbeddedConfig  -filepermission .*.dll=755#.*.so=755#.*.a=755#.*.sl=755  -buildVersion Unknown  -noallowDispatchRemoteInclude  -noallowServiceRemoteInclude  -MapWebModToVH {{"kvrquartz.war" "kvrquartz.war,WEB-INF/web.xml" default_host}} -JSPReloadForWebMod {{.* .* AppDeploymentOption.Yes 1}}
C:\WebSphere85\AppServer\profiles\AppSrv01\installableApps\kvrquartz.war
HYRDLT1118Node01Cell
HYRDLT1118Node01
server1
/kvrquartz
kvrquartz Maven Webapp
{"kvrquartz.war" "kvrquartz.war,WEB-INF/web.xml" default_host}
{.* .* AppDeploymentOption.Yes 1}
kvrquartz.war
false
WASX7327I: Contents of was.policy file:
 //
// Template policy file for enterprise application.
// Extra permissions can be added if required by the enterprise application.
//
// NOTE: Syntax errors in the policy files will cause the enterprise application FAIL to start.
//       Extreme care should be taken when editing these policy files. It is advised to use
//       the policytool provided by the JDK for editing the policy files
//       (WAS_HOME/java/jre/bin/policytool). 
//

grant codeBase "file:${application}" {
};

grant codeBase "file:${jars}" {
};

grant codeBase "file:${connectorComponent}" {
};

grant codeBase "file:${webComponent}" {
};

grant codeBase "file:${ejbComponent}" {
};


ADMA5016I: Installation of kvrquartz Maven Webapp started.
ADMA5058I: Application and module versions are validated with versions of deployment targets.
WSWS0041I: Web services deploy task completed successfully.
ADMA5005I: The application kvrquartz Maven Webapp is configured in the WebSphere Application Server repository.
ADMA5005I: The application kvrquartz Maven Webapp is configured in the WebSphere Application Server repository.
ADMA5081I: The bootstrap address for client module is configured in the WebSphere Application Server repository.
ADMA5053I: The library references for the installed optional package are created.
ADMA5005I: The application kvrquartz Maven Webapp is configured in the WebSphere Application Server repository.
ADMA5001I: The application binaries are saved in C:\WebSphere85\AppServer\profiles\AppSrv01\wstemp\Script15649eed6cd\workspace\cells\HYRDLT1118Node01Cell\applications\kvrquartz Maven Webapp.ear\kvrquartz Maven Webapp.ear
ADMA5005I: The application kvrquartz Maven Webapp is configured in the WebSphere Application Server repository.
SECJ0400I: Successfully updated the application kvrquartz Maven Webapp with the appContextIDForSecurity information.
ADMA5005I: The application kvrquartz Maven Webapp is configured in the WebSphere Application Server repository.
ADMA5005I: The application kvrquartz Maven Webapp is configured in the WebSphere Application Server repository.
ADMA5113I: Activation plan created successfully.
ADMA5011I: The cleanup of the temp directory for application kvrquartz Maven Webapp is complete.
ADMA5013I: Application kvrquartz Maven Webapp installed successfully.
-------------------------------------------------------------------------------------------------------------------------------
MyEclipse: deployment END project: kvrquartz Maven Webapp server: websphere85Server#AppSrv01 time: Tue Aug 02 11:56:53 IST 2016
-------------------------------------------------------------------------------------------------------------------------------
------------------------------------------------------------------------------------------------------------------------------------------
MyEclipse: deployment START exploded project: kvrquartz Maven Webapp server: websphere85Server#AppSrv01 time: Thu Aug 04 12:22:57 IST 2016
------------------------------------------------------------------------------------------------------------------------------------------
------------------------------------------------------------------------------------------------------------------------------------------
MyEclipse: deployment START exploded project: kvrquartz Maven Webapp server: websphere85Server#AppSrv01 time: Mon Aug 22 13:04:23 IST 2016
------------------------------------------------------------------------------------------------------------------------------------------
WASX7357I: By request, this scripting client is not connected to any server process. Certain configuration and application operations will be available in local mode.
WASX7303I: The following options are passed to the scripting environment and are available as arguments that are stored in the argv variable: "[kvrquartz Maven Webapp]"
kvrquartz Maven Webapp
ADMA5017I: Uninstallation of kvrquartz Maven Webapp started.
ADMA5104I: The server index entry for WebSphere:cell=HYRDLT1118Node01Cell,node=HYRDLT1118Node01 is updated successfully.
ADMA5102I: The configuration data for kvrquartz Maven Webapp from the configuration repository is deleted successfully.
ADMA5011I: The cleanup of the temp directory for application kvrquartz Maven Webapp is complete.
ADMA5106I: Application kvrquartz Maven Webapp uninstalled successfully.
-------------------------------------------------------------------------------------------------------------------------------
MyEclipse: deployment END project: kvrquartz Maven Webapp server: websphere85Server#AppSrv01 time: Mon Aug 22 13:04:32 IST 2016
-------------------------------------------------------------------------------------------------------------------------------
------------------------------------------------------------------------------------------------------------------------------------------
MyEclipse: deployment START exploded project: kvrquartz Maven Webapp server: websphere85Server#AppSrv01 time: Mon Aug 22 13:10:56 IST 2016
------------------------------------------------------------------------------------------------------------------------------------------
WASX7357I: By request, this scripting client is not connected to any server process. Certain configuration and application operations will be available in local mode.
WASX7303I: The following options are passed to the scripting environment and are available as arguments that are stored in the argv variable: "[C:\\WebSphere85\\AppServer\\profiles\\AppSrv01\\installableApps\\kvrquartz.war, HYRDLT1118Node01Cell, HYRDLT1118Node01, server1, /kvrquartz, kvrquartz Maven Webapp, {{"kvrquartz.war" "kvrquartz.war,WEB-INF/web.xml" default_host}}, {{.* .* AppDeploymentOption.Yes 1}}, kvrquartz.war, false]"
-contextroot "/kvrquartz" -server "server1" -nopreCompileJSPs -distributeApp -useMetaDataFromBinary -nodeployejb -appname "kvrquartz Maven Webapp" -createMBeansForResources -reloadEnabled -reloadInterval 1 -deployws -validateinstall off -noprocessEmbeddedConfig  -filepermission .*.dll=755#.*.so=755#.*.a=755#.*.sl=755  -buildVersion Unknown  -noallowDispatchRemoteInclude  -noallowServiceRemoteInclude  -MapWebModToVH {{"kvrquartz.war" "kvrquartz.war,WEB-INF/web.xml" default_host}} -JSPReloadForWebMod {{.* .* AppDeploymentOption.Yes 1}}
C:\WebSphere85\AppServer\profiles\AppSrv01\installableApps\kvrquartz.war
HYRDLT1118Node01Cell
HYRDLT1118Node01
server1
/kvrquartz
kvrquartz Maven Webapp
{"kvrquartz.war" "kvrquartz.war,WEB-INF/web.xml" default_host}
{.* .* AppDeploymentOption.Yes 1}
kvrquartz.war
false
WASX7327I: Contents of was.policy file:
 //
// Template policy file for enterprise application.
// Extra permissions can be added if required by the enterprise application.
//
// NOTE: Syntax errors in the policy files will cause the enterprise application FAIL to start.
//       Extreme care should be taken when editing these policy files. It is advised to use
//       the policytool provided by the JDK for editing the policy files
//       (WAS_HOME/java/jre/bin/policytool). 
//

grant codeBase "file:${application}" {
};

grant codeBase "file:${jars}" {
};

grant codeBase "file:${connectorComponent}" {
};

grant codeBase "file:${webComponent}" {
};

grant codeBase "file:${ejbComponent}" {
};


ADMA5016I: Installation of kvrquartz Maven Webapp started.
ADMA5058I: Application and module versions are validated with versions of deployment targets.
WSWS0041I: Web services deploy task completed successfully.
ADMA5005I: The application kvrquartz Maven Webapp is configured in the WebSphere Application Server repository.
ADMA5005I: The application kvrquartz Maven Webapp is configured in the WebSphere Application Server repository.
ADMA5081I: The bootstrap address for client module is configured in the WebSphere Application Server repository.
ADMA5053I: The library references for the installed optional package are created.
ADMA5005I: The application kvrquartz Maven Webapp is configured in the WebSphere Application Server repository.
ADMA5001I: The application binaries are saved in C:\WebSphere85\AppServer\profiles\AppSrv01\wstemp\Script156b131fd9f\workspace\cells\HYRDLT1118Node01Cell\applications\kvrquartz Maven Webapp.ear\kvrquartz Maven Webapp.ear
ADMA5005I: The application kvrquartz Maven Webapp is configured in the WebSphere Application Server repository.
SECJ0400I: Successfully updated the application kvrquartz Maven Webapp with the appContextIDForSecurity information.
ADMA5005I: The application kvrquartz Maven Webapp is configured in the WebSphere Application Server repository.
ADMA5005I: The application kvrquartz Maven Webapp is configured in the WebSphere Application Server repository.
ADMA5113I: Activation plan created successfully.
ADMA5011I: The cleanup of the temp directory for application kvrquartz Maven Webapp is complete.
ADMA5013I: Application kvrquartz Maven Webapp installed successfully.
-------------------------------------------------------------------------------------------------------------------------------
MyEclipse: deployment END project: kvrquartz Maven Webapp server: websphere85Server#AppSrv01 time: Mon Aug 22 13:11:12 IST 2016
-------------------------------------------------------------------------------------------------------------------------------
